[2026-04-28 14:24:48] [System] [SERVER ONLINE]
[2026-04-28 14:25:38] [System] [SERVER ONLINE]
[2026-04-28 14:26:17] [System] [SERVER ONLINE]
[2026-04-28 14:27:32] [System] [User 'al' connected]
[2026-04-28 14:27:34] [User] [[al]: hai
]
[2026-04-28 14:27:35] [User] [[al]: 
]
[2026-04-28 14:28:40] [System] [User 'el' connected]
[2026-04-28 14:28:58] [User] [[al]: hello
]
[2026-04-28 14:29:20] [User] [[el]: halo
]
[2026-04-28 14:29:41] [User] [[al]: hlo
]
[2026-04-28 14:31:59] [System] [SERVER ONLINE]
[2026-04-28 14:32:25] [System] [User 'al' connected]
[2026-04-28 14:32:40] [System] [User '/exit' connected]
[2026-04-28 14:33:30] [User] [[/exit]:  The Knights
]
[2026-04-28 14:33:49] [System] [User '/exit' disconnected]
[2026-04-28 14:34:02] [User] [[/exit]: the knights
]
[2026-04-28 14:34:40] [System] [User '/exit' disconnected]
[2026-04-28 14:34:56] [User] [[/exit]: The Knights
]
[2026-04-28 14:35:14] [System] [User '/exit' disconnected]
[2026-04-28 14:38:51] [System] [SERVER ONLINE]
[2026-04-28 14:46:22] [System] [SERVER ONLINE]
[2026-04-28 14:50:01] [System] [SERVER ONLINE]
[2026-04-28 14:54:32] [System] [SERVER ONLINE]
[2026-04-28 14:54:58] [System] [SERVER ONLINE]
[2026-04-28 14:59:36] [System] [SERVER ONLINE]
[2026-04-28 14:59:50] [System] [SERVER ONLINE]
[2026-04-28 15:12:29] [System] [SERVER ONLINE]
[2026-04-28 15:12:58] [Admin] [LOGIN SUCCESS]
[2026-04-28 15:13:19] [Admin] [RPC_GET_USERS]
[2026-04-28 15:13:23] [Admin] [RPC_GET_UPTIME]
[2026-04-28 15:13:30] [Admin] [RPC_SHUTDOWN]
[2026-04-28 15:14:43] [System] [SERVER ONLINE]
[2026-04-28 15:14:48] [System] [User 'al' connected]
[2026-04-28 15:15:11] [System] [User 'el' connected]
[2026-04-28 15:15:56] [System] [User 'dul' connected]
[2026-04-28 15:16:18] [Admin] [LOGIN SUCCESS]
[2026-04-28 15:16:20] [Admin] [RPC_GET_USERS]
[2026-04-28 15:16:21] [Admin] [RPC_GET_UPTIME]
[2026-04-28 15:34:13] [System] [SERVER ONLINE]
[2026-04-28 15:34:44] [Admin] [LOGIN SUCCESS]
[2026-04-28 15:34:46] [Admin] [RPC_GET_USERS]
[2026-04-28 15:34:47] [Admin] [RPC_GET_UPTIME]
[2026-04-28 15:35:08] [System] [User '' disconnected]
[2026-04-28 15:40:41] [System] [SERVER ONLINE]
[2026-04-28 15:40:51] [Admin] [LOGIN SUCCESS]
[2026-04-28 15:40:52] [Admin] [DISCONNECT]
[2026-04-28 15:41:00] [Admin] [LOGIN SUCCESS]
[2026-04-28 15:41:02] [Admin] [DISCONNECT]
[2026-04-28 15:43:05] [System] [SERVER ONLINE]
[2026-04-28 15:43:20] [System] [SERVER ONLINE]
[2026-04-28 15:45:26] [System] [SERVER ONLINE]
[2026-04-28 15:49:27] [System] [SERVER ONLINE]
[2026-04-28 15:49:41] [Admin] [LOGIN SUCCESS]
[2026-04-28 15:49:42] [Admin] [DISCONNECT]
[2026-04-28 15:49:56] [Admin] [LOGIN SUCCESS]
[2026-04-28 15:49:58] [Admin] [DISCONNECT]
[2026-04-28 15:50:03] [System] [User 'alo' connected]
[2026-04-28 15:50:10] [System] [User 'elo' connected]
[2026-04-28 15:50:14] [User] [[alo]: hai
]
[2026-04-28 15:52:35] [System] [User 'elo' disconnected]
[2026-04-28 15:52:43] [System] [User 'alo' disconnected]
[2026-04-28 15:58:15] [System] [SERVER ONLINE]
[2026-04-28 15:58:28] [Admin] [LOGIN SUCCESS]
[2026-04-28 16:11:06] [System] [SERVER ONLINE]
[2026-04-28 16:11:17] [Admin] [LOGIN SUCCESS]
[2026-04-28 16:11:58] [System] [SERVER ONLINE]
[2026-04-28 16:12:09] [Admin] [LOGIN SUCCESS]
[2026-04-28 16:15:49] [System] [SERVER ONLINE]
[2026-04-28 16:15:58] [Admin] [LOGIN SUCCESS]
[2026-04-28 16:19:48] [System] [SERVER ONLINE]
[2026-04-28 16:19:57] [Admin] [LOGIN SUCCESS]
[2026-04-28 16:25:18] [System] [SERVER ONLINE]
[2026-04-28 16:25:30] [Admin] [LOGIN SUCCESS]
[2026-04-28 16:30:33] [System] [SERVER ONLINE]
[2026-04-28 16:30:45] [Admin] [LOGIN SUCCESS]
[2026-04-28 16:31:39] [System] [SERVER ONLINE]
[2026-04-28 16:31:50] [System] [SERVER ONLINE]
[2026-04-28 16:32:00] [System] [SERVER ONLINE]
[2026-04-28 16:32:11] [Admin] [LOGIN SUCCESS]
[2026-04-28 16:39:19] [System] [SERVER ONLINE]
[2026-04-28 16:39:59] [System] [SERVER ONLINE]
[2026-04-28 16:41:18] [System] [SERVER ONLINE]
[2026-04-28 16:42:02] [System] [SERVER ONLINE]
[2026-04-28 16:42:15] [Admin] [LOGIN SUCCESS]
[2026-04-28 16:43:17] [Admin] [DISCONNECT]
[2026-04-28 16:51:26] [System] [SERVER ONLINE]
[2026-04-28 16:51:39] [Admin] [LOGIN SUCCESS]
[2026-04-28 16:52:57] [Admin] [DISCONNECT]
[2026-04-28 16:57:01] [System] [SERVER ONLINE]
[2026-04-28 16:57:21] [Admin] [LOGIN SUCCESS]
[2026-04-28 16:57:29] [Admin] [DISCONNECT]
[2026-04-28 17:16:12] [System] [SERVER ONLINE]
[2026-04-28 17:22:19] [System] [SERVER ONLINE]
[2026-04-28 17:22:29] [Admin] [LOGIN SUCCESS]
[2026-04-28 17:22:35] [Admin] [RPC_GET_USERS]
[2026-04-28 17:22:37] [Admin] [RPC_GET_UPTIME]
[2026-04-28 17:22:52] [Admin] [LOGIN SUCCESS]
[2026-04-28 17:26:04] [System] [SERVER ONLINE]
[2026-04-28 17:26:15] [Admin] [LOGIN SUCCESS]
[2026-04-28 17:26:16] [Admin] [RPC_GET_USERS]
[2026-04-28 17:26:18] [Admin] [RPC_GET_UPTIME]
[2026-04-28 17:29:57] [System] [SERVER ONLINE]
[2026-04-28 17:30:11] [Admin] [LOGIN SUCCESS]
[2026-04-28 17:30:22] [System] [User 'al' connected]
[2026-04-28 17:30:45] [System] [User 'el' connected]
[2026-04-28 17:30:48] [User] [[el]: hai al
]
[2026-04-28 17:30:53] [User] [[al]: hai dul
]
[2026-04-28 17:32:54] [System] [SERVER ONLINE]
[2026-04-28 17:33:06] [Admin] [LOGIN SUCCESS]
[2026-04-28 17:33:12] [System] [User 'al' connected]
[2026-04-28 17:33:19] [System] [User 'el' connected]
[2026-04-28 17:33:21] [User] [[el]: hai]
[2026-04-29 15:19:24] [System] [SERVER ONLINE]
[2026-04-29 15:19:32] [System] [User 'al' connected]
[2026-04-29 15:19:52] [System] [User 'el' connected]
[2026-04-29 15:20:26] [System] [User 'dul' connected]
[2026-04-29 15:20:44] [System] [User 'algi' connected]
[2026-04-29 15:20:47] [User] [[algi]: hai]
[2026-04-29 15:20:55] [User] [[el]: helo]
[2026-04-29 15:21:06] [User] [[el]: bye]
[2026-04-29 15:21:14] [System] [User 'algi' disconnected]
[2026-04-29 15:21:28] [System] [User '/exit' connected]
[2026-04-29 15:21:31] [User] [[/exit]: el]
[2026-04-29 15:21:33] [User] [[/exit]: al]
[2026-04-29 15:21:34] [User] [[/exit]: al]
[2026-04-29 15:21:35] [User] [[/exit]: ]
[2026-04-29 15:21:35] [User] [[/exit]: ]
[2026-04-29 15:21:37] [User] [[/exit]: hai]
[2026-04-29 15:21:54] [System] [User '/exit' disconnected]
[2026-04-29 15:22:21] [System] [User '/exit' connected]
[2026-04-29 15:22:26] [System] [User '/exit' disconnected]
[2026-04-29 15:22:37] [Admin] [LOGIN SUCCESS]
[2026-04-29 15:22:41] [Admin] [RPC_GET_USERS]
[2026-04-29 15:22:44] [Admin] [RPC_GET_UPTIME]
[2026-04-29 15:22:51] [System] [User '' disconnected]
[2026-04-29 15:24:12] [Admin] [LOGIN SUCCESS]
[2026-04-29 15:24:15] [Admin] [RPC_SHUTDOWN]
[2026-04-29 15:24:15] [System] [EMERGENCY SHUTDOWN INITIATED]
[2026-04-29 15:24:30] [System] [SERVER ONLINE]
[2026-04-29 15:25:41] [System] [SERVER ONLINE]
[2026-04-29 15:25:46] [System] [User 'al' connected]
[2026-04-29 15:26:20] [System] [User 'el' connected]
[2026-04-29 15:26:28] [User] [[el]: hai]
[2026-04-29 15:26:35] [User] [[el]: hello]
[2026-04-29 15:26:40] [User] [[al]: udah makan?]
[2026-04-29 15:26:47] [System] [User 'al' disconnected]
[2026-04-29 15:26:50] [System] [User 'el' disconnected]
[2026-04-29 15:26:55] [System] [User 'al' connected]
[2026-04-29 15:27:01] [System] [User 'al' disconnected]
[2026-04-29 15:27:37] [System] [SERVER ONLINE]
[2026-04-29 15:27:44] [System] [User 'al' connected]
[2026-04-29 15:28:01] [System] [User 'el' connected]
[2026-04-29 15:28:11] [User] [[el]: hei]
[2026-04-29 15:28:19] [System] [User 'el' disconnected]
[2026-04-29 15:32:42] [System] [User 'al' disconnected]
[2026-04-29 15:33:30] [System] [SERVER ONLINE]
[2026-04-29 15:33:36] [System] [User 'al' connected]
[2026-04-29 15:33:39] [System] [User 'al' disconnected]
[2026-04-29 15:35:01] [System] [SERVER ONLINE]
[2026-04-29 15:35:06] [System] [User 'al' connected]
[2026-04-29 15:35:08] [System] [User 'al' disconnected]
[2026-04-29 15:35:27] [Admin] [LOGIN SUCCESS]
[2026-04-29 15:37:57] [System] [SERVER ONLINE]
[2026-04-29 15:38:04] [System] [User 'al' connected]
[2026-04-29 15:38:09] [System] [User 'al' disconnected]
[2026-04-29 15:38:22] [System] [User 'al' connected]
[2026-04-29 15:38:23] [User] [[al]: 4]
[2026-04-29 15:38:24] [User] [[al]: ]
[2026-04-29 15:38:25] [User] [[al]: 4]
[2026-04-29 15:38:26] [User] [[al]: 4]
[2026-04-29 15:38:26] [User] [[al]: 4]
[2026-04-29 15:38:34] [User] [[al]: 4]
[2026-04-29 15:38:34] [User] [[al]: 4]
[2026-04-29 15:38:47] [User] [[al]: al]
[2026-04-29 15:38:58] [System] [User 'al' disconnected]
[2026-04-29 15:39:09] [Admin] [LOGIN SUCCESS]
[2026-04-29 15:39:12] [Admin] [RPC_SHUTDOWN]
[2026-04-29 15:39:12] [System] [EMERGENCY SHUTDOWN INITIATED]
[2026-04-29 15:39:25] [System] [SERVER ONLINE]
[2026-04-29 15:40:43] [System] [SERVER ONLINE]
[2026-04-29 15:41:15] [System] [SERVER ONLINE]
[2026-04-29 15:41:21] [System] [User 'al' connected]
[2026-04-29 15:43:54] [System] [User 'al' disconnected]
[2026-04-29 15:44:09] [System] [SERVER ONLINE]
[2026-04-29 15:45:22] [System] [SERVER ONLINE]
[2026-04-29 15:45:34] [System] [User 'al' connected]
[2026-04-29 15:46:17] [System] [User 'el' connected]
[2026-04-29 15:46:23] [User] [[al]: hei]
[2026-04-29 15:46:31] [User] [[el]: hai]
[2026-04-29 15:46:38] [User] [[el]: well]
[2026-04-29 15:46:48] [User] [[al]: ape]
[2026-04-29 15:47:05] [System] [User 'al' disconnected]
[2026-04-29 15:47:08] [System] [User 'el' disconnected]
[2026-04-29 15:49:34] [System] [SERVER ONLINE]
[2026-04-29 15:49:52] [System] [User 'al' connected]
[2026-04-29 15:50:02] [System] [User 'el' connected]
[2026-04-29 15:50:03] [User] [[el]: hai]
[2026-04-29 15:50:12] [User] [[al]: alo ka]
[2026-04-29 15:50:24] [User] [[al]: clear]
[2026-04-29 15:50:28] [System] [User 'al' disconnected]
[2026-04-29 15:50:33] [System] [User 'el' disconnected]
[2026-04-29 15:50:41] [System] [User 'al' connected]
[2026-04-29 15:50:45] [System] [User 'al' disconnected]
